<?xml version="1.0" encoding="UTF-8"?>
<testng-results ignored="0" total="1" passed="1" failed="0" skipped="0">
  <reporter-output>
  </reporter-output>
  <suite started-at="2026-01-19T19:27:09 IST" name="Default suite" finished-at="2026-01-19T19:27:19 IST" duration-ms="10022">
    <groups>
    </groups>
    <test started-at="2026-01-19T19:27:09 IST" name="Default test" finished-at="2026-01-19T19:27:19 IST" duration-ms="10022">
      <class name="tests.SearchTest">
        <test-method is-config="true" signature="setUp()[pri:0, instance:tests.SearchTest@1a1da881]" started-at="2026-01-19T19:27:09 IST" name="setUp" finished-at="2026-01-19T19:27:15 IST" duration-ms="6313" status="PASS">
          <reporter-output>
          </reporter-output>
        </test-method> <!-- setUp -->
        <test-method signature="verifySearch()[pri:0, instance:tests.SearchTest@1a1da881]" started-at="2026-01-19T19:27:15 IST" name="verifySearch" description="Validating Search Functionality" finished-at="2026-01-19T19:27:19 IST" duration-ms="3374" status="PASS">
          <reporter-output>
          </reporter-output>
        </test-method> <!-- verifySearch -->
        <test-method is-config="true" signature="close()[pri:0, instance:tests.SearchTest@1a1da881]" started-at="2026-01-19T19:27:19 IST" name="close" finished-at="2026-01-19T19:27:19 IST" duration-ms="293" status="PASS">
          <reporter-output>
          </reporter-output>
        </test-method> <!-- close -->
      </class> <!-- tests.SearchTest -->
    </test> <!-- Default test -->
  </suite> <!-- Default suite -->
</testng-results>
