<?xml version="1.0" encoding="UTF-8"?>
<!-- Generated by org.testng.reporters.JUnitReportReporter -->
<testsuite hostname="IDEAPAD-S143" failures="0" tests="1" name="tests.SortTest" time="13.274" errors="0" timestamp="2026-01-19T19:03:06 IST" skipped="0">
  <testcase classname="tests.SortTest" name="verifySort" time="13.274">
    <system-out>
      <![CDATA[Average price of top 10 prodcuts: Rs.50839.40]]>
    </system-out>
  </testcase> <!-- verifySort -->
  <system-out>
    <![CDATA[Average price of top 10 prodcuts: Rs.50839.40]]>
  </system-out>
</testsuite> <!-- tests.SortTest -->
