<?xml version="1.0" encoding="UTF-8"?>
<testng-results ignored="0" total="1" passed="1" failed="0" skipped="0">
  <reporter-output>
  </reporter-output>
  <suite started-at="2026-01-08T05:43:11Z" name="Default suite" finished-at="2026-01-08T05:43:22Z" duration-ms="11051">
    <groups>
    </groups>
    <test started-at="2026-01-08T05:43:11Z" name="Default test" finished-at="2026-01-08T05:43:22Z" duration-ms="11051">
      <class name="tests.FilterTest">
        <test-method is-config="true" signature="setUp()[pri:0, instance:tests.FilterTest@e57b96d]" started-at="2026-01-08T05:43:11Z" name="setUp" finished-at="2026-01-08T05:43:16Z" duration-ms="5326" status="PASS">
          <reporter-output>
          </reporter-output>
        </test-method> <!-- setUp -->
        <test-method signature="verifyFilterSearch()[pri:1, instance:tests.FilterTest@e57b96d]" started-at="2026-01-08T05:43:16Z" name="verifyFilterSearch" description="Validating filter search" finished-at="2026-01-08T05:43:22Z" duration-ms="5545" status="PASS">
          <reporter-output>
          </reporter-output>
        </test-method> <!-- verifyFilterSearch -->
        <test-method is-config="true" signature="close()[pri:0, instance:tests.FilterTest@e57b96d]" started-at="2026-01-08T05:43:22Z" name="close" finished-at="2026-01-08T05:43:22Z" duration-ms="162" status="PASS">
          <reporter-output>
          </reporter-output>
        </test-method> <!-- close -->
      </class> <!-- tests.FilterTest -->
    </test> <!-- Default test -->
  </suite> <!-- Default suite -->
</testng-results>
